\BOOKMARK [0][-]{chapter.1}{Wstep.}{}% 1
\BOOKMARK [1][-]{section.1.1}{Cel pracy}{chapter.1}% 2
\BOOKMARK [1][-]{section.1.2}{Zakres pracy}{chapter.1}% 3
\BOOKMARK [1][-]{section.1.3}{Plan pracy}{chapter.1}% 4
\BOOKMARK [0][-]{chapter.2}{Analiza wymagan.}{}% 5
\BOOKMARK [1][-]{section.2.1}{Wizja oraz og\363lny zarys aplikacji.}{chapter.2}% 6
\BOOKMARK [1][-]{section.2.2}{Istniejace rozwiazania.}{chapter.2}% 7
\BOOKMARK [1][-]{section.2.3}{Wymagania funkcjonalne}{chapter.2}% 8
\BOOKMARK [1][-]{section.2.4}{Wymagania niefunkcjonalne}{chapter.2}% 9
\BOOKMARK [0][-]{chapter.3}{Wykorzystane technologie.}{}% 10
\BOOKMARK [1][-]{section.3.1}{Przeglad technologii}{chapter.3}% 11
\BOOKMARK [2][-]{subsection.3.1.1}{Swift \(Objectiv-C\)}{section.3.1}% 12
\BOOKMARK [2][-]{subsection.3.1.2}{Android \(Java\)}{section.3.1}% 13
\BOOKMARK [2][-]{subsection.3.1.3}{React Native \(Javascript\)}{section.3.1}% 14
\BOOKMARK [1][-]{section.3.2}{Wybrane technologie}{chapter.3}% 15
\BOOKMARK [2][-]{subsection.3.2.1}{React Native + Redux}{section.3.2}% 16
\BOOKMARK [2][-]{subsection.3.2.2}{Javascript \(JSX, ES6\)}{section.3.2}% 17
\BOOKMARK [2][-]{subsection.3.2.3}{HTML \046 CSS}{section.3.2}% 18
\BOOKMARK [2][-]{subsection.3.2.4}{Firebase.}{section.3.2}% 19
\BOOKMARK [1][-]{section.3.3}{Wybrane technologie.}{chapter.3}% 20
\BOOKMARK [2][-]{subsection.3.3.1}{Microsoft Visual Studio.}{section.3.3}% 21
\BOOKMARK [2][-]{subsection.3.3.2}{React Native Debugger.}{section.3.3}% 22
\BOOKMARK [2][-]{subsection.3.3.3}{GIT- system kontorli wersji.}{section.3.3}% 23
\BOOKMARK [0][-]{chapter.4}{Realizacja aplikacji.}{}% 24
\BOOKMARK [1][-]{section.4.1}{Architektura aplikacji mobilnej}{chapter.4}% 25
\BOOKMARK [1][-]{section.4.2}{Schemat dzia\233ania aplikacji}{chapter.4}% 26
\BOOKMARK [1][-]{section.4.3}{Baza danych}{chapter.4}% 27
\BOOKMARK [1][-]{section.4.4}{Prezentacja aplikacji}{chapter.4}% 28
\BOOKMARK [1][-]{section.4.5}{Testy aplikacji}{chapter.4}% 29
\BOOKMARK [1][-]{section.4.6}{Wdrozenie}{chapter.4}% 30
\BOOKMARK [1][-]{section.4.7}{Obs\233ugiwane systemy monitorowania}{chapter.4}% 31
\BOOKMARK [0][-]{chapter.5}{Podsumowanie}{}% 32
\BOOKMARK [1][-]{section.5.1}{Wizja oraz og\363lny zarys aplikacji.}{chapter.5}% 33
\BOOKMARK [1][-]{section.5.2}{Istniejace rozwiazania.}{chapter.5}% 34
\BOOKMARK [1][-]{section.5.3}{Wymagania funkcjonalne}{chapter.5}% 35
\BOOKMARK [1][-]{section.5.4}{Wymagania niefunkcjonalne}{chapter.5}% 36
\BOOKMARK [0][-]{chapter.6}{Bibliografia}{}% 37
\BOOKMARK [0][-]{chapter*.8}{Spis tabel}{}% 38
\BOOKMARK [0][-]{chapter*.9}{Spis rysunk\363w}{}% 39
